#! /foss/tools/iverilog/77d7f0b/bin/vvp
:ivl_version "13.0 (devel)" "(s20221226-331-g77d7f0b8-dirty)";
:ivl_delay_selection "TYPICAL";
:vpi_time_precision + 0;
:vpi_module "/foss/tools/iverilog/77d7f0b/lib/ivl/system.vpi";
:vpi_module "/foss/tools/iverilog/77d7f0b/lib/ivl/vhdl_sys.vpi";
:vpi_module "/foss/tools/iverilog/77d7f0b/lib/ivl/vhdl_textio.vpi";
:vpi_module "/foss/tools/iverilog/77d7f0b/lib/ivl/v2005_math.vpi";
:vpi_module "/foss/tools/iverilog/77d7f0b/lib/ivl/va_math.vpi";
S_0x55fad0b31830 .scope module, "clock_divider" "clock_divider" 2 1;
 .timescale 0 0;
    .port_info 0 /INPUT 1 "clk_in";
    .port_info 1 /INPUT 1 "nrst";
    .port_info 2 /INPUT 16 "scale";
    .port_info 3 /OUTPUT 1 "clk_out";
P_0x55fad0b319c0 .param/l "WIDTH" 0 2 3, +C4<00000000000000000000000000010000>;
v0x55fad0b0b5e0_0 .var/i "CONST", 31 0;
o0x7fa556764048 .functor BUFZ 1, C4<z>; HiZ drive
v0x55fad0b0bbd0_0 .net "clk_in", 0 0, o0x7fa556764048;  0 drivers
v0x55fad0b55f80_0 .var "clk_out", 0 0;
v0x55fad0b56050_0 .var/i "count", 31 0;
o0x7fa5567640d8 .functor BUFZ 1, C4<z>; HiZ drive
v0x55fad0b56130_0 .net "nrst", 0 0, o0x7fa5567640d8;  0 drivers
o0x7fa556764108 .functor BUFZ 16, C4<zzzzzzzzzzzzzzzz>; HiZ drive
v0x55fad0b56240_0 .net "scale", 15 0, o0x7fa556764108;  0 drivers
v0x55fad0b56320_0 .var "scale_reg", 15 0;
v0x55fad0b56400_0 .var "signal_clk_out", 0 0;
v0x55fad0b564c0_0 .var "true_scale", 15 0;
E_0x55fad0b42b80/0 .event negedge, v0x55fad0b56130_0;
E_0x55fad0b42b80/1 .event posedge, v0x55fad0b0bbd0_0;
E_0x55fad0b42b80 .event/or E_0x55fad0b42b80/0, E_0x55fad0b42b80/1;
    .scope S_0x55fad0b31830;
T_0 ;
    %pushi/vec4 2000, 0, 32;
    %store/vec4 v0x55fad0b0b5e0_0, 0, 32;
    %end;
    .thread T_0;
    .scope S_0x55fad0b31830;
T_1 ;
    %pushi/vec4 0, 0, 1;
    %store/vec4 v0x55fad0b55f80_0, 0, 1;
    %pushi/vec4 0, 0, 32;
    %store/vec4 v0x55fad0b56050_0, 0, 32;
    %load/vec4 v0x55fad0b56240_0;
    %store/vec4 v0x55fad0b56320_0, 0, 16;
    %pushi/vec4 0, 0, 1;
    %store/vec4 v0x55fad0b56400_0, 0, 1;
    %end;
    .thread T_1;
    .scope S_0x55fad0b31830;
T_2 ;
    %wait E_0x55fad0b42b80;
    %load/vec4 v0x55fad0b56130_0;
    %nor/r;
    %flag_set/vec4 8;
    %jmp/0xz  T_2.0, 8;
    %pushi/vec4 0, 0, 1;
    %assign/vec4 v0x55fad0b55f80_0, 0;
    %pushi/vec4 0, 0, 32;
    %assign/vec4 v0x55fad0b56050_0, 0;
    %load/vec4 v0x55fad0b56240_0;
    %assign/vec4 v0x55fad0b56320_0, 0;
    %load/vec4 v0x55fad0b56240_0;
    %pad/u 32;
    %load/vec4 v0x55fad0b0b5e0_0;
    %mul;
    %pad/u 16;
    %assign/vec4 v0x55fad0b564c0_0, 0;
    %jmp T_2.1;
T_2.0 ;
    %load/vec4 v0x55fad0b56050_0;
    %load/vec4 v0x55fad0b564c0_0;
    %pad/u 32;
    %cmp/e;
    %jmp/0xz  T_2.2, 4;
    %load/vec4 v0x55fad0b56400_0;
    %inv;
    %assign/vec4 v0x55fad0b56400_0, 0;
    %pushi/vec4 0, 0, 32;
    %assign/vec4 v0x55fad0b56050_0, 0;
T_2.2 ;
    %load/vec4 v0x55fad0b56050_0;
    %addi 1, 0, 32;
    %assign/vec4 v0x55fad0b56050_0, 0;
T_2.1 ;
    %jmp T_2;
    .thread T_2;
# The file index is used to find the file name in the following table.
:file_names 3;
    "N/A";
    "<interactive>";
    "clock_divider.v";
