#! /foss/tools/iverilog/77d7f0b/bin/vvp
:ivl_version "13.0 (devel)" "(s20221226-331-g77d7f0b8-dirty)";
:ivl_delay_selection "TYPICAL";
:vpi_time_precision + 0;
:vpi_module "/foss/tools/iverilog/77d7f0b/lib/ivl/system.vpi";
:vpi_module "/foss/tools/iverilog/77d7f0b/lib/ivl/vhdl_sys.vpi";
:vpi_module "/foss/tools/iverilog/77d7f0b/lib/ivl/vhdl_textio.vpi";
:vpi_module "/foss/tools/iverilog/77d7f0b/lib/ivl/v2005_math.vpi";
:vpi_module "/foss/tools/iverilog/77d7f0b/lib/ivl/va_math.vpi";
S_0x556c9abd5d70 .scope module, "clock_divider" "clock_divider" 2 1;
 .timescale 0 0;
    .port_info 0 /INPUT 1 "clk_in";
    .port_info 1 /INPUT 1 "nrst";
    .port_info 2 /INPUT 8 "scale";
    .port_info 3 /OUTPUT 1 "clk_out";
P_0x556c9abd5f00 .param/l "WIDTH" 0 2 3, +C4<00000000000000000000000000001000>;
v0x556c9abd5fc0_0 .var/i "CONST", 31 0;
v0x556c9abfac90_0 .net *"_ivl_0", 31 0, L_0x556c9abfb750;  1 drivers
L_0x7fabbb166018 .functor BUFT 1, C4<0000000000000000>, C4<0>, C4<0>, C4<0>;
v0x556c9abfad70_0 .net *"_ivl_3", 15 0, L_0x7fabbb166018;  1 drivers
L_0x7fabbb166060 .functor BUFT 1, C4<00000000000000000000000000000000>, C4<0>, C4<0>, C4<0>;
v0x556c9abfae60_0 .net/2u *"_ivl_4", 31 0, L_0x7fabbb166060;  1 drivers
v0x556c9abfaf40_0 .net *"_ivl_6", 0 0, L_0x556c9ac0b8b0;  1 drivers
o0x7fabbb1af108 .functor BUFZ 1, C4<z>; HiZ drive
v0x556c9abfb050_0 .net "clk_in", 0 0, o0x7fabbb1af108;  0 drivers
v0x556c9abfb110_0 .net "clk_out", 0 0, L_0x556c9ac0ba20;  1 drivers
v0x556c9abfb1d0_0 .var/i "count", 31 0;
o0x7fabbb1af198 .functor BUFZ 1, C4<z>; HiZ drive
v0x556c9abfb2b0_0 .net "nrst", 0 0, o0x7fabbb1af198;  0 drivers
o0x7fabbb1af1c8 .functor BUFZ 8, C4<zzzzzzzz>; HiZ drive
v0x556c9abfb370_0 .net "scale", 7 0, o0x7fabbb1af1c8;  0 drivers
v0x556c9abfb450_0 .var "scale_reg", 7 0;
v0x556c9abfb530_0 .var "signal_clk_out", 0 0;
v0x556c9abfb5f0_0 .var "true_scale", 15 0;
E_0x556c9abe5b80/0 .event negedge, v0x556c9abfb2b0_0;
E_0x556c9abe5b80/1 .event posedge, v0x556c9abfb050_0;
E_0x556c9abe5b80 .event/or E_0x556c9abe5b80/0, E_0x556c9abe5b80/1;
L_0x556c9abfb750 .concat [ 16 16 0 0], v0x556c9abfb5f0_0, L_0x7fabbb166018;
L_0x556c9ac0b8b0 .cmp/eq 32, L_0x556c9abfb750, L_0x7fabbb166060;
L_0x556c9ac0ba20 .functor MUXZ 1, v0x556c9abfb530_0, o0x7fabbb1af108, L_0x556c9ac0b8b0, C4<>;
    .scope S_0x556c9abd5d70;
T_0 ;
    %pushi/vec4 2, 0, 32;
    %store/vec4 v0x556c9abd5fc0_0, 0, 32;
    %end;
    .thread T_0;
    .scope S_0x556c9abd5d70;
T_1 ;
    %pushi/vec4 0, 0, 1;
    %store/vec4 v0x556c9abfb530_0, 0, 1;
    %pushi/vec4 0, 0, 32;
    %store/vec4 v0x556c9abfb1d0_0, 0, 32;
    %load/vec4 v0x556c9abfb370_0;
    %store/vec4 v0x556c9abfb450_0, 0, 8;
    %pushi/vec4 0, 0, 1;
    %store/vec4 v0x556c9abfb530_0, 0, 1;
    %end;
    .thread T_1;
    .scope S_0x556c9abd5d70;
T_2 ;
    %wait E_0x556c9abe5b80;
    %load/vec4 v0x556c9abfb2b0_0;
    %nor/r;
    %flag_set/vec4 8;
    %jmp/0xz  T_2.0, 8;
    %pushi/vec4 0, 0, 1;
    %assign/vec4 v0x556c9abfb530_0, 0;
    %pushi/vec4 0, 0, 32;
    %assign/vec4 v0x556c9abfb1d0_0, 0;
    %load/vec4 v0x556c9abfb370_0;
    %assign/vec4 v0x556c9abfb450_0, 0;
    %load/vec4 v0x556c9abfb370_0;
    %pad/u 32;
    %load/vec4 v0x556c9abd5fc0_0;
    %mul;
    %pad/u 16;
    %assign/vec4 v0x556c9abfb5f0_0, 0;
    %jmp T_2.1;
T_2.0 ;
    %load/vec4 v0x556c9abfb1d0_0;
    %load/vec4 v0x556c9abfb5f0_0;
    %pad/u 32;
    %pushi/vec4 2, 0, 32;
    %div;
    %subi 1, 0, 32;
    %cmp/e;
    %jmp/0xz  T_2.2, 4;
    %load/vec4 v0x556c9abfb530_0;
    %inv;
    %assign/vec4 v0x556c9abfb530_0, 0;
    %pushi/vec4 0, 0, 32;
    %assign/vec4 v0x556c9abfb1d0_0, 0;
    %jmp T_2.3;
T_2.2 ;
    %load/vec4 v0x556c9abfb1d0_0;
    %addi 1, 0, 32;
    %assign/vec4 v0x556c9abfb1d0_0, 0;
T_2.3 ;
T_2.1 ;
    %jmp T_2;
    .thread T_2;
# The file index is used to find the file name in the following table.
:file_names 3;
    "N/A";
    "<interactive>";
    "clock_divider.v";
